-------------------------------------------------------------------------------
Test set: com.TaxBooking.taxBooking.TaxBookingApplicationTests
-------------------------------------------------------------------------------
Tests run: 1, Failures: 0, Errors: 1, Skipped: 0, Time elapsed: 10.832 s <<< FAILURE! - in com.TaxBooking.taxBooking.TaxBookingApplicationTests
contextLoads(com.TaxBooking.taxBooking.TaxBookingApplicationTests)  Time elapsed: 0.018 s  <<< ERROR!
java.lang.IllegalStateException: Failed to load ApplicationContext
Caused by: org.springframework.beans.factory.UnsatisfiedDependencyException: Error creating bean with name 'sessionFactory' defined in com.TaxBooking.taxBooking.TaxBookingApplication: Unsatisfied dependency expressed through method 'sessionFactory' parameter 0; nested exception is org.springframework.beans.factory.BeanCurrentlyInCreationException: Error creating bean with name 'sessionFactory': Requested bean is currently in creation: Is there an unresolvable circular reference?
Caused by: org.springframework.beans.factory.BeanCurrentlyInCreationException: Error creating bean with name 'sessionFactory': Requested bean is currently in creation: Is there an unresolvable circular reference?

