<?xml version="1.0" encoding="UTF-8"?>
<testsuite xmlns:xsi="http://www.w3.org/2001/XMLSchema-instance" xsi:noNamespaceSchemaLocation="https://maven.apache.org/surefire/maven-surefire-plugin/xsd/surefire-test-report.xsd" name="com.TaxBooking.taxBooking.TaxBookingApplicationTests" time="10.832" tests="1" errors="1" skipped="0" failures="0">
  <properties>
[...]
</properties>
  <testcase name="contextLoads" classname="com.TaxBooking.taxBooking.TaxBookingApplicationTests" time="0.018">
    <error message="Failed to load ApplicationContext" type="java.lang.IllegalStateException">java.lang.IllegalStateException: Failed to load ApplicationContext
Caused by: org.springframework.beans.factory.UnsatisfiedDependencyException: Error creating bean with name 'sessionFactory' defined in com.TaxBooking.taxBooking.TaxBookingApplication: Unsatisfied dependency expressed through method 'sessionFactory' parameter 0; nested exception is org.springframework.beans.factory.BeanCurrentlyInCreationException: Error creating bean with name 'sessionFactory': Requested bean is currently in creation: Is there an unresolvable circular reference?
Caused by: org.springframework.beans.factory.BeanCurrentlyInCreationException: Error creating bean with name 'sessionFactory': Requested bean is currently in creation: Is there an unresolvable circular reference?
</error>
    <system-out><![CDATA[23:45:48.926 [main] DEBUG org.springframework.test.context.junit4.SpringJUnit4ClassRunner - SpringJUnit4ClassRunner constructor called with [class com.TaxBooking.taxBooking.TaxBookingApplicationTests]
23:45:48.948 [main] DEBUG org.springframework.test.context.BootstrapUtils - Instantiating CacheAwareContextLoaderDelegate from class [org.springframework.test.context.cache.DefaultCacheAwareContextLoaderDelegate]
23:45:48.974 [main] DEBUG org.springframework.test.context.BootstrapUtils - Instantiating BootstrapContext using constructor [public org.springframework.test.context.support.DefaultBootstrapContext(java.lang.Class,org.springframework.test.context.CacheAwareContextLoaderDelegate)]
23:45:49.108 [main] DEBUG org.springframework.test.context.BootstrapUtils - Instantiating TestContextBootstrapper for test class [com.TaxBooking.taxBooking.TaxBookingApplicationTests] from class [org.springframework.boot.test.context.SpringBootTestContextBootstrapper]
23:45:49.145 [main] INFO org.springframework.boot.test.context.SpringBootTestContextBootstrapper - Neither @ContextConfiguration nor @ContextHierarchy found for test class [com.TaxBooking.taxBooking.TaxBookingApplicationTests], using SpringBootContextLoader
23:45:49.154 [main] DEBUG org.springframework.test.context.support.AbstractContextLoader - Did not detect default resource location for test class [com.TaxBooking.taxBooking.TaxBookingApplicationTests]: class path resource [com/TaxBooking/taxBooking/TaxBookingApplicationTests-context.xml] does not exist
23:45:49.155 [main] DEBUG org.springframework.test.context.support.AbstractContextLoader - Did not detect default resource location for test class [com.TaxBooking.taxBooking.TaxBookingApplicationTests]: class path resource [com/TaxBooking/taxBooking/TaxBookingApplicationTestsContext.groovy] does not exist
23:45:49.155 [main] INFO org.springframework.test.context.support.AbstractContextLoader - Could not detect default resource locations for test class [com.TaxBooking.taxBooking.TaxBookingApplicationTests]: no resource found for suffixes {-context.xml, Context.groovy}.
23:45:49.156 [main] INFO org.springframework.test.context.support.AnnotationConfigContextLoaderUtils - Could not detect default configuration classes for test class [com.TaxBooking.taxBooking.TaxBookingApplicationTests]: TaxBookingApplicationTests does not declare any static, non-private, non-final, nested classes annotated with @Configuration.
23:45:49.270 [main] DEBUG org.springframework.test.context.support.ActiveProfilesUtils - Could not find an 'annotation declaring class' for annotation type [org.springframework.test.context.ActiveProfiles] and class [com.TaxBooking.taxBooking.TaxBookingApplicationTests]
23:45:49.289 [main] DEBUG org.springframework.core.env.StandardEnvironment - Adding PropertySource 'systemProperties' with lowest search precedence
23:45:49.289 [main] DEBUG org.springframework.core.env.StandardEnvironment - Adding PropertySource 'systemEnvironment' with lowest search precedence
23:45:49.291 [main] DEBUG org.springframework.core.env.StandardEnvironment - Initialized StandardEnvironment with PropertySources [MapPropertySource@1765250898 {name='systemProperties', properties={java.runtime.name=Java(TM) SE Runtime Environment, sun.boot.library.path=/Library/Java/JavaVirtualMachines/jdk1.8.0_45.jdk/Contents/Home/jre/lib, java.vm.version=25.45-b02, user.country.format=RW, gopherProxySet=false, java.vm.vendor=Oracle Corporation, java.vendor.url=http://java.oracle.com/, path.separator=:, java.vm.name=Java HotSpot(TM) 64-Bit Server VM, file.encoding.pkg=sun.io, user.country=US, sun.java.launcher=SUN_STANDARD, sun.os.patch.level=unknown, java.vm.specification.name=Java Virtual Machine Specification, user.dir=/Users/SULAIMAN/Documents/workspace/taxBooking, java.runtime.version=1.8.0_45-b14, basedir=/Users/SULAIMAN/Documents/workspace/taxBooking, java.awt.graphicsenv=sun.awt.CGraphicsEnvironment, java.endorsed.dirs=/Library/Java/JavaVirtualMachines/jdk1.8.0_45.jdk/Contents/Home/jre/lib/endorsed, os.arch=x86_64, surefire.real.class.path=/Users/SULAIMAN/Documents/workspace/taxBooking/target/surefire/surefirebooter3071747814272922058.jar, java.io.tmpdir=/var/folders/nw/lkqk0fmj6qj9qptkgkm_qzx40000gn/T/, line.separator=
, java.vm.specification.vendor=Oracle Corporation, os.name=Mac OS X, sun.jnu.encoding=UTF-8, java.library.path=/Users/SULAIMAN/Library/Java/Extensions:/Library/Java/Extensions:/Network/Library/Java/Extensions:/System/Library/Java/Extensions:/usr/lib/java:., surefire.test.class.path=/Users/SULAIMAN/Documents/workspace/taxBooking/target/test-classes:/Users/SULAIMAN/Documents/workspace/taxBooking/target/classes:/Users/SULAIMAN/.m2/repository/org/springframework/boot/spring-boot-starter-actuator/2.0.5.RELEASE/spring-boot-starter-actuator-2.0.5.RELEASE.jar:/Users/SULAIMAN/.m2/repository/org/springframework/boot/spring-boot-starter/2.0.5.RELEASE/spring-boot-starter-2.0.5.RELEASE.jar:/Users/SULAIMAN/.m2/repository/org/springframework/boot/spring-boot-starter-logging/2.0.5.RELEASE/spring-boot-starter-logging-2.0.5.RELEASE.jar:/Users/SULAIMAN/.m2/repository/ch/qos/logback/logback-classic/1.2.3/logback-classic-1.2.3.jar:/Users/SULAIMAN/.m2/repository/ch/qos/logback/logback-core/1.2.3/logback-core-1.2.3.jar:/Users/SULAIMAN/.m2/repository/org/apache/logging/log4j/log4j-to-slf4j/2.10.0/log4j-to-slf4j-2.10.0.jar:/Users/SULAIMAN/.m2/repository/org/apache/logging/log4j/log4j-api/2.10.0/log4j-api-2.10.0.jar:/Users/SULAIMAN/.m2/repository/org/slf4j/jul-to-slf4j/1.7.25/jul-to-slf4j-1.7.25.jar:/Users/SULAIMAN/.m2/repository/javax/annotation/javax.annotation-api/1.3.2/javax.annotation-api-1.3.2.jar:/Users/SULAIMAN/.m2/repository/org/yaml/snakeyaml/1.19/snakeyaml-1.19.jar:/Users/SULAIMAN/.m2/repository/org/springframework/boot/spring-boot-actuator-autoconfigure/2.0.5.RELEASE/spring-boot-actuator-autoconfigure-2.0.5.RELEASE.jar:/Users/SULAIMAN/.m2/repository/org/springframework/boot/spring-boot-actuator/2.0.5.RELEASE/spring-boot-actuator-2.0.5.RELEASE.jar:/Users/SULAIMAN/.m2/repository/com/fasterxml/jackson/core/jackson-databind/2.9.6/jackson-databind-2.9.6.jar:/Users/SULAIMAN/.m2/repository/com/fasterxml/jackson/core/jackson-annotations/2.9.0/jackson-annotations-2.9.0.jar:/Users/SULAIMAN/.m2/repository/com/fasterxml/jackson/core/jackson-core/2.9.6/jackson-core-2.9.6.jar:/Users/SULAIMAN/.m2/repository/org/springframework/spring-context/5.0.9.RELEASE/spring-context-5.0.9.RELEASE.jar:/Users/SULAIMAN/.m2/repository/com/fasterxml/jackson/datatype/jackson-datatype-jsr310/2.9.6/jackson-datatype-jsr310-2.9.6.jar:/Users/SULAIMAN/.m2/repository/io/micrometer/micrometer-core/1.0.6/micrometer-core-1.0.6.jar:/Users/SULAIMAN/.m2/repository/org/hdrhistogram/HdrHistogram/2.1.10/HdrHistogram-2.1.10.jar:/Users/SULAIMAN/.m2/repository/org/latencyutils/LatencyUtils/2.0.3/LatencyUtils-2.0.3.jar:/Users/SULAIMAN/.m2/repository/org/springframework/boot/spring-boot-starter-data-jpa/2.0.5.RELEASE/spring-boot-starter-data-jpa-2.0.5.RELEASE.jar:/Users/SULAIMAN/.m2/repository/org/springframework/boot/spring-boot-starter-aop/2.0.5.RELEASE/spring-boot-starter-aop-2.0.5.RELEASE.jar:/Users/SULAIMAN/.m2/repository/org/springframework/spring-aop/5.0.9.RELEASE/spring-aop-5.0.9.RELEASE.jar:/Users/SULAIMAN/.m2/repository/org/aspectj/aspectjweaver/1.8.13/aspectjweaver-1.8.13.jar:/Users/SULAIMAN/.m2/repository/javax/transaction/javax.transaction-api/1.2/javax.transaction-api-1.2.jar:/Users/SULAIMAN/.m2/repository/org/hibernate/hibernate-core/5.2.17.Final/hibernate-core-5.2.17.Final.jar:/Users/SULAIMAN/.m2/repository/org/jboss/logging/jboss-logging/3.3.2.Final/jboss-logging-3.3.2.Final.jar:/Users/SULAIMAN/.m2/repository/org/hibernate/javax/persistence/hibernate-jpa-2.1-api/1.0.2.Final/hibernate-jpa-2.1-api-1.0.2.Final.jar:/Users/SULAIMAN/.m2/repository/org/javassist/javassist/3.22.0-GA/javassist-3.22.0-GA.jar:/Users/SULAIMAN/.m2/repository/antlr/antlr/2.7.7/antlr-2.7.7.jar:/Users/SULAIMAN/.m2/repository/org/jboss/jandex/2.0.3.Final/jandex-2.0.3.Final.jar:/Users/SULAIMAN/.m2/repository/com/fasterxml/classmate/1.3.4/classmate-1.3.4.jar:/Users/SULAIMAN/.m2/repository/dom4j/dom4j/1.6.1/dom4j-1.6.1.jar:/Users/SULAIMAN/.m2/repository/org/hibernate/common/hibernate-commons-annotations/5.0.1.Final/hibernate-commons-annotations-5.0.1.Final.jar:/Users/SULAIMAN/.m2/repository/org/springframework/data/spring-data-jpa/2.0.10.RELEASE/spring-data-jpa-2.0.10.RELEASE.jar:/Users/SULAIMAN/.m2/repository/org/springframework/data/spring-data-commons/2.0.10.RELEASE/spring-data-commons-2.0.10.RELEASE.jar:/Users/SULAIMAN/.m2/repository/org/springframework/spring-orm/5.0.9.RELEASE/spring-orm-5.0.9.RELEASE.jar:/Users/SULAIMAN/.m2/repository/org/springframework/spring-tx/5.0.9.RELEASE/spring-tx-5.0.9.RELEASE.jar:/Users/SULAIMAN/.m2/repository/org/springframework/spring-beans/5.0.9.RELEASE/spring-beans-5.0.9.RELEASE.jar:/Users/SULAIMAN/.m2/repository/org/slf4j/slf4j-api/1.7.25/slf4j-api-1.7.25.jar:/Users/SULAIMAN/.m2/repository/org/springframework/spring-aspects/5.0.9.RELEASE/spring-aspects-5.0.9.RELEASE.jar:/Users/SULAIMAN/.m2/repository/org/springframework/boot/spring-boot-starter-jdbc/2.0.5.RELEASE/spring-boot-starter-jdbc-2.0.5.RELEASE.jar:/Users/SULAIMAN/.m2/repository/com/zaxxer/HikariCP/2.7.9/HikariCP-2.7.9.jar:/Users/SULAIMAN/.m2/repository/org/springframework/spring-jdbc/5.0.9.RELEASE/spring-jdbc-5.0.9.RELEASE.jar:/Users/SULAIMAN/.m2/repository/mysql/mysql-connector-java/5.1.47/mysql-connector-java-5.1.47.jar:/Users/SULAIMAN/.m2/repository/org/springframework/boot/spring-boot-starter-web/2.0.5.RELEASE/spring-boot-starter-web-2.0.5.RELEASE.jar:/Users/SULAIMAN/.m2/repository/org/springframework/boot/spring-boot-starter-json/2.0.5.RELEASE/spring-boot-starter-json-2.0.5.RELEASE.jar:/Users/SULAIMAN/.m2/repository/com/fasterxml/jackson/datatype/jackson-datatype-jdk8/2.9.6/jackson-datatype-jdk8-2.9.6.jar:/Users/SULAIMAN/.m2/repository/com/fasterxml/jackson/module/jackson-module-parameter-names/2.9.6/jackson-module-parameter-names-2.9.6.jar:/Users/SULAIMAN/.m2/repository/org/springframework/boot/spring-boot-starter-tomcat/2.0.5.RELEASE/spring-boot-starter-tomcat-2.0.5.RELEASE.jar:/Users/SULAIMAN/.m2/repository/org/apache/tomcat/embed/tomcat-embed-core/8.5.34/tomcat-embed-core-8.5.34.jar:/Users/SULAIMAN/.m2/repository/org/apache/tomcat/embed/tomcat-embed-el/8.5.34/tomcat-embed-el-8.5.34.jar:/Users/SULAIMAN/.m2/repository/org/apache/tomcat/embed/tomcat-embed-websocket/8.5.34/tomcat-embed-websocket-8.5.34.jar:/Users/SULAIMAN/.m2/repository/org/hibernate/validator/hibernate-validator/6.0.12.Final/hibernate-validator-6.0.12.Final.jar:/Users/SULAIMAN/.m2/repository/javax/validation/validation-api/2.0.1.Final/validation-api-2.0.1.Final.jar:/Users/SULAIMAN/.m2/repository/org/springframework/spring-web/5.0.9.RELEASE/spring-web-5.0.9.RELEASE.jar:/Users/SULAIMAN/.m2/repository/org/springframework/spring-webmvc/5.0.9.RELEASE/spring-webmvc-5.0.9.RELEASE.jar:/Users/SULAIMAN/.m2/repository/org/springframework/spring-expression/5.0.9.RELEASE/spring-expression-5.0.9.RELEASE.jar:/Users/SULAIMAN/.m2/repository/org/springframework/boot/spring-boot-devtools/2.0.5.RELEASE/spring-boot-devtools-2.0.5.RELEASE.jar:/Users/SULAIMAN/.m2/repository/org/springframework/boot/spring-boot/2.0.5.RELEASE/spring-boot-2.0.5.RELEASE.jar:/Users/SULAIMAN/.m2/repository/org/springframework/boot/spring-boot-autoconfigure/2.0.5.RELEASE/spring-boot-autoconfigure-2.0.5.RELEASE.jar:/Users/SULAIMAN/.m2/repository/org/springframework/boot/spring-boot-starter-test/2.0.5.RELEASE/spring-boot-starter-test-2.0.5.RELEASE.jar:/Users/SULAIMAN/.m2/repository/org/springframework/boot/spring-boot-test/2.0.5.RELEASE/spring-boot-test-2.0.5.RELEASE.jar:/Users/SULAIMAN/.m2/repository/org/springframework/boot/spring-boot-test-autoconfigure/2.0.5.RELEASE/spring-boot-test-autoconfigure-2.0.5.RELEASE.jar:/Users/SULAIMAN/.m2/repository/com/jayway/jsonpath/json-path/2.4.0/json-path-2.4.0.jar:/Users/SULAIMAN/.m2/repository/net/minidev/json-smart/2.3/json-smart-2.3.jar:/Users/SULAIMAN/.m2/repository/net/minidev/accessors-smart/1.2/accessors-smart-1.2.jar:/Users/SULAIMAN/.m2/repository/org/ow2/asm/asm/5.0.4/asm-5.0.4.jar:/Users/SULAIMAN/.m2/repository/junit/junit/4.12/junit-4.12.jar:/Users/SULAIMAN/.m2/repository/org/assertj/assertj-core/3.9.1/assertj-core-3.9.1.jar:/Users/SULAIMAN/.m2/repository/org/mockito/mockito-core/2.15.0/mockito-core-2.15.0.jar:/Users/SULAIMAN/.m2/repository/net/bytebuddy/byte-buddy/1.7.11/byte-buddy-1.7.11.jar:/Users/SULAIMAN/.m2/repository/net/bytebuddy/byte-buddy-agent/1.7.11/byte-buddy-agent-1.7.11.jar:/Users/SULAIMAN/.m2/repository/org/objenesis/objenesis/2.6/objenesis-2.6.jar:/Users/SULAIMAN/.m2/repository/org/hamcrest/hamcrest-core/1.3/hamcrest-core-1.3.jar:/Users/SULAIMAN/.m2/repository/org/hamcrest/hamcrest-library/1.3/hamcrest-library-1.3.jar:/Users/SULAIMAN/.m2/repository/org/skyscreamer/jsonassert/1.5.0/jsonassert-1.5.0.jar:/Users/SULAIMAN/.m2/repository/com/vaadin/external/google/android-json/0.0.20131108.vaadin1/android-json-0.0.20131108.vaadin1.jar:/Users/SULAIMAN/.m2/repository/org/springframework/spring-core/5.0.9.RELEASE/spring-core-5.0.9.RELEASE.jar:/Users/SULAIMAN/.m2/repository/org/springframework/spring-jcl/5.0.9.RELEASE/spring-jcl-5.0.9.RELEASE.jar:/Users/SULAIMAN/.m2/repository/org/springframework/spring-test/5.0.9.RELEASE/spring-test-5.0.9.RELEASE.jar:/Users/SULAIMAN/.m2/repository/org/xmlunit/xmlunit-core/2.5.1/xmlunit-core-2.5.1.jar:, java.specification.name=Java Platform API Specification, java.class.version=52.0, sun.management.compiler=HotSpot 64-Bit Tiered Compilers, os.version=10.13.6, http.nonProxyHosts=local|*.local|169.254/16|*.169.254/16, user.home=/Users/SULAIMAN, user.timezone=Africa/Kigali, java.awt.printerjob=sun.lwawt.macosx.CPrinterJob, file.encoding=UTF-8, java.specification.version=1.8, java.class.path=/Users/SULAIMAN/Documents/workspace/taxBooking/target/test-classes:/Users/SULAIMAN/Documents/workspace/taxBooking/target/classes:/Users/SULAIMAN/.m2/repository/org/springframework/boot/spring-boot-starter-actuator/2.0.5.RELEASE/spring-boot-starter-actuator-2.0.5.RELEASE.jar:/Users/SULAIMAN/.m2/repository/org/springframework/boot/spring-boot-starter/2.0.5.RELEASE/spring-boot-starter-2.0.5.RELEASE.jar:/Users/SULAIMAN/.m2/repository/org/springframework/boot/spring-boot-starter-logging/2.0.5.RELEASE/spring-boot-starter-logging-2.0.5.RELEASE.jar:/Users/SULAIMAN/.m2/repository/ch/qos/logback/logback-classic/1.2.3/logback-classic-1.2.3.jar:/Users/SULAIMAN/.m2/repository/ch/qos/logback/logback-core/1.2.3/logback-core-1.2.3.jar:/Users/SULAIMAN/.m2/repository/org/apache/logging/log4j/log4j-to-slf4j/2.10.0/log4j-to-slf4j-2.10.0.jar:/Users/SULAIMAN/.m2/repository/org/apache/logging/log4j/log4j-api/2.10.0/log4j-api-2.10.0.jar:/Users/SULAIMAN/.m2/repository/org/slf4j/jul-to-slf4j/1.7.25/jul-to-slf4j-1.7.25.jar:/Users/SULAIMAN/.m2/repository/javax/annotation/javax.annotation-api/1.3.2/javax.annotation-api-1.3.2.jar:/Users/SULAIMAN/.m2/repository/org/yaml/snakeyaml/1.19/snakeyaml-1.19.jar:/Users/SULAIMAN/.m2/repository/org/springframework/boot/spring-boot-actuator-autoconfigure/2.0.5.RELEASE/spring-boot-actuator-autoconfigure-2.0.5.RELEASE.jar:/Users/SULAIMAN/.m2/repository/org/springframework/boot/spring-boot-actuator/2.0.5.RELEASE/spring-boot-actuator-2.0.5.RELEASE.jar:/Users/SULAIMAN/.m2/repository/com/fasterxml/jackson/core/jackson-databind/2.9.6/jackson-databind-2.9.6.jar:/Users/SULAIMAN/.m2/repository/com/fasterxml/jackson/core/jackson-annotations/2.9.0/jackson-annotations-2.9.0.jar:/Users/SULAIMAN/.m2/repository/com/fasterxml/jackson/core/jackson-core/2.9.6/jackson-core-2.9.6.jar:/Users/SULAIMAN/.m2/repository/org/springframework/spring-context/5.0.9.RELEASE/spring-context-5.0.9.RELEASE.jar:/Users/SULAIMAN/.m2/repository/com/fasterxml/jackson/datatype/jackson-datatype-jsr310/2.9.6/jackson-datatype-jsr310-2.9.6.jar:/Users/SULAIMAN/.m2/repository/io/micrometer/micrometer-core/1.0.6/micrometer-core-1.0.6.jar:/Users/SULAIMAN/.m2/repository/org/hdrhistogram/HdrHistogram/2.1.10/HdrHistogram-2.1.10.jar:/Users/SULAIMAN/.m2/repository/org/latencyutils/LatencyUtils/2.0.3/LatencyUtils-2.0.3.jar:/Users/SULAIMAN/.m2/repository/org/springframework/boot/spring-boot-starter-data-jpa/2.0.5.RELEASE/spring-boot-starter-data-jpa-2.0.5.RELEASE.jar:/Users/SULAIMAN/.m2/repository/org/springframework/boot/spring-boot-starter-aop/2.0.5.RELEASE/spring-boot-starter-aop-2.0.5.RELEASE.jar:/Users/SULAIMAN/.m2/repository/org/springframework/spring-aop/5.0.9.RELEASE/spring-aop-5.0.9.RELEASE.jar:/Users/SULAIMAN/.m2/repository/org/aspectj/aspectjweaver/1.8.13/aspectjweaver-1.8.13.jar:/Users/SULAIMAN/.m2/repository/javax/transaction/javax.transaction-api/1.2/javax.transaction-api-1.2.jar:/Users/SULAIMAN/.m2/repository/org/hibernate/hibernate-core/5.2.17.Final/hibernate-core-5.2.17.Final.jar:/Users/SULAIMAN/.m2/repository/org/jboss/logging/jboss-logging/3.3.2.Final/jboss-logging-3.3.2.Final.jar:/Users/SULAIMAN/.m2/repository/org/hibernate/javax/persistence/hibernate-jpa-2.1-api/1.0.2.Final/hibernate-jpa-2.1-api-1.0.2.Final.jar:/Users/SULAIMAN/.m2/repository/org/javassist/javassist/3.22.0-GA/javassist-3.22.0-GA.jar:/Users/SULAIMAN/.m2/repository/antlr/antlr/2.7.7/antlr-2.7.7.jar:/Users/SULAIMAN/.m2/repository/org/jboss/jandex/2.0.3.Final/jandex-2.0.3.Final.jar:/Users/SULAIMAN/.m2/repository/com/fasterxml/classmate/1.3.4/classmate-1.3.4.jar:/Users/SULAIMAN/.m2/repository/dom4j/dom4j/1.6.1/dom4j-1.6.1.jar:/Users/SULAIMAN/.m2/repository/org/hibernate/common/hibernate-commons-annotations/5.0.1.Final/hibernate-commons-annotations-5.0.1.Final.jar:/Users/SULAIMAN/.m2/repository/org/springframework/data/spring-data-jpa/2.0.10.RELEASE/spring-data-jpa-2.0.10.RELEASE.jar:/Users/SULAIMAN/.m2/repository/org/springframework/data/spring-data-commons/2.0.10.RELEASE/spring-data-commons-2.0.10.RELEASE.jar:/Users/SULAIMAN/.m2/repository/org/springframework/spring-orm/5.0.9.RELEASE/spring-orm-5.0.9.RELEASE.jar:/Users/SULAIMAN/.m2/repository/org/springframework/spring-tx/5.0.9.RELEASE/spring-tx-5.0.9.RELEASE.jar:/Users/SULAIMAN/.m2/repository/org/springframework/spring-beans/5.0.9.RELEASE/spring-beans-5.0.9.RELEASE.jar:/Users/SULAIMAN/.m2/repository/org/slf4j/slf4j-api/1.7.25/slf4j-api-1.7.25.jar:/Users/SULAIMAN/.m2/repository/org/springframework/spring-aspects/5.0.9.RELEASE/spring-aspects-5.0.9.RELEASE.jar:/Users/SULAIMAN/.m2/repository/org/springframework/boot/spring-boot-starter-jdbc/2.0.5.RELEASE/spring-boot-starter-jdbc-2.0.5.RELEASE.jar:/Users/SULAIMAN/.m2/repository/com/zaxxer/HikariCP/2.7.9/HikariCP-2.7.9.jar:/Users/SULAIMAN/.m2/repository/org/springframework/spring-jdbc/5.0.9.RELEASE/spring-jdbc-5.0.9.RELEASE.jar:/Users/SULAIMAN/.m2/repository/mysql/mysql-connector-java/5.1.47/mysql-connector-java-5.1.47.jar:/Users/SULAIMAN/.m2/repository/org/springframework/boot/spring-boot-starter-web/2.0.5.RELEASE/spring-boot-starter-web-2.0.5.RELEASE.jar:/Users/SULAIMAN/.m2/repository/org/springframework/boot/spring-boot-starter-json/2.0.5.RELEASE/spring-boot-starter-json-2.0.5.RELEASE.jar:/Users/SULAIMAN/.m2/repository/com/fasterxml/jackson/datatype/jackson-datatype-jdk8/2.9.6/jackson-datatype-jdk8-2.9.6.jar:/Users/SULAIMAN/.m2/repository/com/fasterxml/jackson/module/jackson-module-parameter-names/2.9.6/jackson-module-parameter-names-2.9.6.jar:/Users/SULAIMAN/.m2/repository/org/springframework/boot/spring-boot-starter-tomcat/2.0.5.RELEASE/spring-boot-starter-tomcat-2.0.5.RELEASE.jar:/Users/SULAIMAN/.m2/repository/org/apache/tomcat/embed/tomcat-embed-core/8.5.34/tomcat-embed-core-8.5.34.jar:/Users/SULAIMAN/.m2/repository/org/apache/tomcat/embed/tomcat-embed-el/8.5.34/tomcat-embed-el-8.5.34.jar:/Users/SULAIMAN/.m2/repository/org/apache/tomcat/embed/tomcat-embed-websocket/8.5.34/tomcat-embed-websocket-8.5.34.jar:/Users/SULAIMAN/.m2/repository/org/hibernate/validator/hibernate-validator/6.0.12.Final/hibernate-validator-6.0.12.Final.jar:/Users/SULAIMAN/.m2/repository/javax/validation/validation-api/2.0.1.Final/validation-api-2.0.1.Final.jar:/Users/SULAIMAN/.m2/repository/org/springframework/spring-web/5.0.9.RELEASE/spring-web-5.0.9.RELEASE.jar:/Users/SULAIMAN/.m2/repository/org/springframework/spring-webmvc/5.0.9.RELEASE/spring-webmvc-5.0.9.RELEASE.jar:/Users/SULAIMAN/.m2/repository/org/springframework/spring-expression/5.0.9.RELEASE/spring-expression-5.0.9.RELEASE.jar:/Users/SULAIMAN/.m2/repository/org/springframework/boot/spring-boot-devtools/2.0.5.RELEASE/spring-boot-devtools-2.0.5.RELEASE.jar:/Users/SULAIMAN/.m2/repository/org/springframework/boot/spring-boot/2.0.5.RELEASE/spring-boot-2.0.5.RELEASE.jar:/Users/SULAIMAN/.m2/repository/org/springframework/boot/spring-boot-autoconfigure/2.0.5.RELEASE/spring-boot-autoconfigure-2.0.5.RELEASE.jar:/Users/SULAIMAN/.m2/repository/org/springframework/boot/spring-boot-starter-test/2.0.5.RELEASE/spring-boot-starter-test-2.0.5.RELEASE.jar:/Users/SULAIMAN/.m2/repository/org/springframework/boot/spring-boot-test/2.0.5.RELEASE/spring-boot-test-2.0.5.RELEASE.jar:/Users/SULAIMAN/.m2/repository/org/springframework/boot/spring-boot-test-autoconfigure/2.0.5.RELEASE/spring-boot-test-autoconfigure-2.0.5.RELEASE.jar:/Users/SULAIMAN/.m2/repository/com/jayway/jsonpath/json-path/2.4.0/json-path-2.4.0.jar:/Users/SULAIMAN/.m2/repository/net/minidev/json-smart/2.3/json-smart-2.3.jar:/Users/SULAIMAN/.m2/repository/net/minidev/accessors-smart/1.2/accessors-smart-1.2.jar:/Users/SULAIMAN/.m2/repository/org/ow2/asm/asm/5.0.4/asm-5.0.4.jar:/Users/SULAIMAN/.m2/repository/junit/junit/4.12/junit-4.12.jar:/Users/SULAIMAN/.m2/repository/org/assertj/assertj-core/3.9.1/assertj-core-3.9.1.jar:/Users/SULAIMAN/.m2/repository/org/mockito/mockito-core/2.15.0/mockito-core-2.15.0.jar:/Users/SULAIMAN/.m2/repository/net/bytebuddy/byte-buddy/1.7.11/byte-buddy-1.7.11.jar:/Users/SULAIMAN/.m2/repository/net/bytebuddy/byte-buddy-agent/1.7.11/byte-buddy-agent-1.7.11.jar:/Users/SULAIMAN/.m2/repository/org/objenesis/objenesis/2.6/objenesis-2.6.jar:/Users/SULAIMAN/.m2/repository/org/hamcrest/hamcrest-core/1.3/hamcrest-core-1.3.jar:/Users/SULAIMAN/.m2/repository/org/hamcrest/hamcrest-library/1.3/hamcrest-library-1.3.jar:/Users/SULAIMAN/.m2/repository/org/skyscreamer/jsonassert/1.5.0/jsonassert-1.5.0.jar:/Users/SULAIMAN/.m2/repository/com/vaadin/external/google/android-json/0.0.20131108.vaadin1/android-json-0.0.20131108.vaadin1.jar:/Users/SULAIMAN/.m2/repository/org/springframework/spring-core/5.0.9.RELEASE/spring-core-5.0.9.RELEASE.jar:/Users/SULAIMAN/.m2/repository/org/springframework/spring-jcl/5.0.9.RELEASE/spring-jcl-5.0.9.RELEASE.jar:/Users/SULAIMAN/.m2/repository/org/springframework/spring-test/5.0.9.RELEASE/spring-test-5.0.9.RELEASE.jar:/Users/SULAIMAN/.m2/repository/org/xmlunit/xmlunit-core/2.5.1/xmlunit-core-2.5.1.jar:, user.name=SULAIMAN, java.vm.specification.version=1.8, sun.java.command=/Users/SULAIMAN/Documents/workspace/taxBooking/target/surefire/surefirebooter3071747814272922058.jar /Users/SULAIMAN/Documents/workspace/taxBooking/target/surefire 2018-10-08T23-45-44_553-jvmRun1 surefire7629502846594670192tmp surefire_04728399769742339553tmp, java.home=/Library/Java/JavaVirtualMachines/jdk1.8.0_45.jdk/Contents/Home/jre, sun.arch.data.model=64, user.language=en, java.specification.vendor=Oracle Corporation, awt.toolkit=sun.lwawt.macosx.LWCToolkit, java.vm.info=mixed mode, java.version=1.8.0_45, java.ext.dirs=/Users/SULAIMAN/Library/Java/Extensions:/Library/Java/JavaVirtualMachines/jdk1.8.0_45.jdk/Contents/Home/jre/lib/ext:/Library/Java/Extensions:/Network/Library/Java/Extensions:/System/Library/Java/Extensions:/usr/lib/java, sun.boot.class.path=/Library/Java/JavaVirtualMachines/jdk1.8.0_45.jdk/Contents/Home/jre/lib/resources.jar:/Library/Java/JavaVirtualMachines/jdk1.8.0_45.jdk/Contents/Home/jre/lib/rt.jar:/Library/Java/JavaVirtualMachines/jdk1.8.0_45.jdk/Contents/Home/jre/lib/sunrsasign.jar:/Library/Java/JavaVirtualMachines/jdk1.8.0_45.jdk/Contents/Home/jre/lib/jsse.jar:/Library/Java/JavaVirtualMachines/jdk1.8.0_45.jdk/Contents/Home/jre/lib/jce.jar:/Library/Java/JavaVirtualMachines/jdk1.8.0_45.jdk/Contents/Home/jre/lib/charsets.jar:/Library/Java/JavaVirtualMachines/jdk1.8.0_45.jdk/Contents/Home/jre/lib/jfr.jar:/Library/Java/JavaVirtualMachines/jdk1.8.0_45.jdk/Contents/Home/jre/classes, java.vendor=Oracle Corporation, localRepository=/Users/SULAIMAN/.m2/repository, file.separator=/, java.vendor.url.bug=http://bugreport.sun.com/bugreport/, sun.io.unicode.encoding=UnicodeBig, sun.cpu.endian=little, socksNonProxyHosts=local|*.local|169.254/16|*.169.254/16, ftp.nonProxyHosts=local|*.local|169.254/16|*.169.254/16, sun.cpu.isalist=}}, SystemEnvironmentPropertySource@670971910 {name='systemEnvironment', properties={PATH=/usr/bin:/bin:/usr/sbin:/sbin, APP_ICON_13125=../Resources/Eclipse.icns, SHELL=/bin/bash, JAVA_MAIN_CLASS_67364=org.codehaus.plexus.classworlds.launcher.Launcher, OLDPWD=/Users/SULAIMAN/Documents/workspace/taxBooking, JAVA_MAIN_CLASS_67634=org.apache.maven.surefire.booter.ForkedBooter, JAVA_STARTED_ON_FIRST_THREAD_13125=1, USER=SULAIMAN, TMPDIR=/var/folders/nw/lkqk0fmj6qj9qptkgkm_qzx40000gn/T/, SSH_AUTH_SOCK=/private/tmp/com.apple.launchd.bQ9bcl1G6E/Listeners, XPC_FLAGS=0x0, __CF_USER_TEXT_ENCODING=0x1F5:0x0:0x0, Apple_PubSub_Socket_Render=/private/tmp/com.apple.launchd.SY1S7J6H1Y/Render, LOGNAME=SULAIMAN, XPC_SERVICE_NAME=0, PWD=/Users/SULAIMAN/Documents/workspace/taxBooking, HOME=/Users/SULAIMAN, SHLVL=1, _=/Library/Java/JavaVirtualMachines/jdk1.8.0_45.jdk/Contents/Home/jre/bin/java}}]
23:45:49.369 [main] DEBUG org.springframework.core.io.support.PathMatchingResourcePatternResolver - Resolved classpath location [com/TaxBooking/taxBooking/] to resources [URL [file:/Users/SULAIMAN/Documents/workspace/taxBooking/target/test-classes/com/TaxBooking/taxBooking/], URL [file:/Users/SULAIMAN/Documents/workspace/taxBooking/target/classes/com/TaxBooking/taxBooking/]]
23:45:49.419 [main] DEBUG org.springframework.core.io.support.PathMatchingResourcePatternResolver - Looking for matching resources in directory tree [/Users/SULAIMAN/Documents/workspace/taxBooking/target/test-classes/com/TaxBooking/taxBooking]
23:45:49.421 [main] DEBUG org.springframework.core.io.support.PathMatchingResourcePatternResolver - Searching directory [/Users/SULAIMAN/Documents/workspace/taxBooking/target/test-classes/com/TaxBooking/taxBooking] for files matching pattern [/Users/SULAIMAN/Documents/workspace/taxBooking/target/test-classes/com/TaxBooking/taxBooking/*.class]
23:45:49.438 [main] DEBUG org.springframework.core.io.support.PathMatchingResourcePatternResolver - Looking for matching resources in directory tree [/Users/SULAIMAN/Documents/workspace/taxBooking/target/classes/com/TaxBooking/taxBooking]
23:45:49.439 [main] DEBUG org.springframework.core.io.support.PathMatchingResourcePatternResolver - Searching directory [/Users/SULAIMAN/Documents/workspace/taxBooking/target/classes/com/TaxBooking/taxBooking] for files matching pattern [/Users/SULAIMAN/Documents/workspace/taxBooking/target/classes/com/TaxBooking/taxBooking/*.class]
23:45:49.442 [main] DEBUG org.springframework.core.io.support.PathMatchingResourcePatternResolver - Resolved location pattern [classpath*:com/TaxBooking/taxBooking/*.class] to resources [file [/Users/SULAIMAN/Documents/workspace/taxBooking/target/test-classes/com/TaxBooking/taxBooking/TaxBookingApplicationTests.class], file [/Users/SULAIMAN/Documents/workspace/taxBooking/target/classes/com/TaxBooking/taxBooking/ServletInitializer.class], file [/Users/SULAIMAN/Documents/workspace/taxBooking/target/classes/com/TaxBooking/taxBooking/TaxBookingApplication.class]]
23:45:49.738 [main] DEBUG org.springframework.context.annotation.ClassPathScanningCandidateComponentProvider - Identified candidate component class: file [/Users/SULAIMAN/Documents/workspace/taxBooking/target/classes/com/TaxBooking/taxBooking/TaxBookingApplication.class]
23:45:49.745 [main] INFO org.springframework.boot.test.context.SpringBootTestContextBootstrapper - Found @SpringBootConfiguration com.TaxBooking.taxBooking.TaxBookingApplication for test class com.TaxBooking.taxBooking.TaxBookingApplicationTests
23:45:50.139 [main] DEBUG org.springframework.boot.test.context.SpringBootTestContextBootstrapper - @TestExecutionListeners is not present for class [com.TaxBooking.taxBooking.TaxBookingApplicationTests]: using defaults.
23:45:50.140 [main] INFO org.springframework.boot.test.context.SpringBootTestContextBootstrapper - Loaded default TestExecutionListener class names from location [META-INF/spring.factories]: [org.springframework.boot.test.mock.mockito.MockitoTestExecutionListener, org.springframework.boot.test.mock.mockito.ResetMocksTestExecutionListener, org.springframework.boot.test.autoconfigure.restdocs.RestDocsTestExecutionListener, org.springframework.boot.test.autoconfigure.web.client.MockRestServiceServerResetTestExecutionListener, org.springframework.boot.test.autoconfigure.web.servlet.MockMvcPrintOnlyOnFailureTestExecutionListener, org.springframework.boot.test.autoconfigure.web.servlet.WebDriverTestExecutionListener, org.springframework.test.context.web.ServletTestExecutionListener, org.springframework.test.context.support.DirtiesContextBeforeModesTestExecutionListener, org.springframework.test.context.support.DependencyInjectionTestExecutionListener, org.springframework.test.context.support.DirtiesContextTestExecutionListener, org.springframework.test.context.transaction.TransactionalTestExecutionListener, org.springframework.test.context.jdbc.SqlScriptsTestExecutionListener]
23:45:50.180 [main] INFO org.springframework.boot.test.context.SpringBootTestContextBootstrapper - Using TestExecutionListeners: [org.springframework.test.context.web.ServletTestExecutionListener@6a78afa0, org.springframework.test.context.support.DirtiesContextBeforeModesTestExecutionListener@2f4948e4, org.springframework.boot.test.mock.mockito.MockitoTestExecutionListener@1f2586d6, org.springframework.boot.test.autoconfigure.SpringBootDependencyInjectionTestExecutionListener@10683d9d, org.springframework.test.context.support.DirtiesContextTestExecutionListener@3fc2959f, org.springframework.test.context.transaction.TransactionalTestExecutionListener@5aa9e4eb, org.springframework.test.context.jdbc.SqlScriptsTestExecutionListener@6989da5e, org.springframework.boot.test.mock.mockito.ResetMocksTestExecutionListener@385c9627, org.springframework.boot.test.autoconfigure.restdocs.RestDocsTestExecutionListener@139982de, org.springframework.boot.test.autoconfigure.web.client.MockRestServiceServerResetTestExecutionListener@682b2fa, org.springframework.boot.test.autoconfigure.web.servlet.MockMvcPrintOnlyOnFailureTestExecutionListener@217ed35e, org.springframework.boot.test.autoconfigure.web.servlet.WebDriverTestExecutionListener@7dcf94f8]
23:45:50.185 [main] DEBUG org.springframework.test.annotation.ProfileValueUtils - Retrieved @ProfileValueSourceConfiguration [null] for test class [com.TaxBooking.taxBooking.TaxBookingApplicationTests]
23:45:50.186 [main] DEBUG org.springframework.test.annotation.ProfileValueUtils - Retrieved ProfileValueSource type [class org.springframework.test.annotation.SystemProfileValueSource] for class [com.TaxBooking.taxBooking.TaxBookingApplicationTests]
23:45:50.189 [main] DEBUG org.springframework.test.annotation.ProfileValueUtils - Retrieved @ProfileValueSourceConfiguration [null] for test class [com.TaxBooking.taxBooking.TaxBookingApplicationTests]
23:45:50.190 [main] DEBUG org.springframework.test.annotation.ProfileValueUtils - Retrieved ProfileValueSource type [class org.springframework.test.annotation.SystemProfileValueSource] for class [com.TaxBooking.taxBooking.TaxBookingApplicationTests]
23:45:50.191 [main] DEBUG org.springframework.test.annotation.ProfileValueUtils - Retrieved @ProfileValueSourceConfiguration [null] for test class [com.TaxBooking.taxBooking.TaxBookingApplicationTests]
23:45:50.192 [main] DEBUG org.springframework.test.annotation.ProfileValueUtils - Retrieved ProfileValueSource type [class org.springframework.test.annotation.SystemProfileValueSource] for class [com.TaxBooking.taxBooking.TaxBookingApplicationTests]
23:45:50.205 [main] DEBUG org.springframework.test.context.support.AbstractDirtiesContextTestExecutionListener - Before test class: context [DefaultTestContext@26794848 testClass = TaxBookingApplicationTests, testInstance = [null], testMethod = [null], testException = [null], mergedContextConfiguration = [WebMergedContextConfiguration@302552ec testClass = TaxBookingApplicationTests, locations = '{}', classes = '{class com.TaxBooking.taxBooking.TaxBookingApplication}', contextInitializerClasses = '[]', activeProfiles = '{}', propertySourceLocations = '{}', propertySourceProperties = '{org.springframework.boot.test.context.SpringBootTestContextBootstrapper=true}', contextCustomizers = set[org.springframework.boot.test.context.filter.ExcludeFilterContextCustomizer@13eb8acf, org.springframework.boot.test.json.DuplicateJsonObjectContextCustomizerFactory$DuplicateJsonObjectContextCustomizer@43738a82, org.springframework.boot.test.mock.mockito.MockitoContextCustomizer@0, org.springframework.boot.test.web.client.TestRestTemplateContextCustomizer@eb21112, org.springframework.boot.test.autoconfigure.properties.PropertyMappingContextCustomizer@0, org.springframework.boot.test.autoconfigure.web.servlet.WebDriverContextCustomizerFactory$Customizer@319b92f3], resourceBasePath = 'src/main/webapp', contextLoader = 'org.springframework.boot.test.context.SpringBootContextLoader', parent = [null]], attributes = map['org.springframework.test.context.web.ServletTestExecutionListener.activateListener' -> true]], class annotated with @DirtiesContext [false] with mode [null].
23:45:50.207 [main] DEBUG org.springframework.test.annotation.ProfileValueUtils - Retrieved @ProfileValueSourceConfiguration [null] for test class [com.TaxBooking.taxBooking.TaxBookingApplicationTests]
23:45:50.207 [main] DEBUG org.springframework.test.annotation.ProfileValueUtils - Retrieved ProfileValueSource type [class org.springframework.test.annotation.SystemProfileValueSource] for class [com.TaxBooking.taxBooking.TaxBookingApplicationTests]
23:45:50.294 [main] DEBUG org.springframework.core.env.StandardEnvironment - Adding PropertySource 'systemProperties' with lowest search precedence
23:45:50.296 [main] DEBUG org.springframework.core.env.StandardEnvironment - Adding PropertySource 'systemEnvironment' with lowest search precedence
23:45:50.301 [main] DEBUG org.springframework.core.env.StandardEnvironment - Initialized StandardEnvironment with PropertySources [MapPropertySource@1753127384 {name='systemProperties', properties={java.runtime.name=Java(TM) SE Runtime Environment, sun.boot.library.path=/Library/Java/JavaVirtualMachines/jdk1.8.0_45.jdk/Contents/Home/jre/lib, java.vm.version=25.45-b02, user.country.format=RW, gopherProxySet=false, java.vm.vendor=Oracle Corporation, java.vendor.url=http://java.oracle.com/, path.separator=:, java.vm.name=Java HotSpot(TM) 64-Bit Server VM, file.encoding.pkg=sun.io, user.country=US, sun.java.launcher=SUN_STANDARD, sun.os.patch.level=unknown, java.vm.specification.name=Java Virtual Machine Specification, user.dir=/Users/SULAIMAN/Documents/workspace/taxBooking, java.runtime.version=1.8.0_45-b14, basedir=/Users/SULAIMAN/Documents/workspace/taxBooking, java.awt.graphicsenv=sun.awt.CGraphicsEnvironment, java.endorsed.dirs=/Library/Java/JavaVirtualMachines/jdk1.8.0_45.jdk/Contents/Home/jre/lib/endorsed, os.arch=x86_64, surefire.real.class.path=/Users/SULAIMAN/Documents/workspace/taxBooking/target/surefire/surefirebooter3071747814272922058.jar, java.io.tmpdir=/var/folders/nw/lkqk0fmj6qj9qptkgkm_qzx40000gn/T/, line.separator=
, java.vm.specification.vendor=Oracle Corporation, os.name=Mac OS X, sun.jnu.encoding=UTF-8, java.library.path=/Users/SULAIMAN/Library/Java/Extensions:/Library/Java/Extensions:/Network/Library/Java/Extensions:/System/Library/Java/Extensions:/usr/lib/java:., surefire.test.class.path=/Users/SULAIMAN/Documents/workspace/taxBooking/target/test-classes:/Users/SULAIMAN/Documents/workspace/taxBooking/target/classes:/Users/SULAIMAN/.m2/repository/org/springframework/boot/spring-boot-starter-actuator/2.0.5.RELEASE/spring-boot-starter-actuator-2.0.5.RELEASE.jar:/Users/SULAIMAN/.m2/repository/org/springframework/boot/spring-boot-starter/2.0.5.RELEASE/spring-boot-starter-2.0.5.RELEASE.jar:/Users/SULAIMAN/.m2/repository/org/springframework/boot/spring-boot-starter-logging/2.0.5.RELEASE/spring-boot-starter-logging-2.0.5.RELEASE.jar:/Users/SULAIMAN/.m2/repository/ch/qos/logback/logback-classic/1.2.3/logback-classic-1.2.3.jar:/Users/SULAIMAN/.m2/repository/ch/qos/logback/logback-core/1.2.3/logback-core-1.2.3.jar:/Users/SULAIMAN/.m2/repository/org/apache/logging/log4j/log4j-to-slf4j/2.10.0/log4j-to-slf4j-2.10.0.jar:/Users/SULAIMAN/.m2/repository/org/apache/logging/log4j/log4j-api/2.10.0/log4j-api-2.10.0.jar:/Users/SULAIMAN/.m2/repository/org/slf4j/jul-to-slf4j/1.7.25/jul-to-slf4j-1.7.25.jar:/Users/SULAIMAN/.m2/repository/javax/annotation/javax.annotation-api/1.3.2/javax.annotation-api-1.3.2.jar:/Users/SULAIMAN/.m2/repository/org/yaml/snakeyaml/1.19/snakeyaml-1.19.jar:/Users/SULAIMAN/.m2/repository/org/springframework/boot/spring-boot-actuator-autoconfigure/2.0.5.RELEASE/spring-boot-actuator-autoconfigure-2.0.5.RELEASE.jar:/Users/SULAIMAN/.m2/repository/org/springframework/boot/spring-boot-actuator/2.0.5.RELEASE/spring-boot-actuator-2.0.5.RELEASE.jar:/Users/SULAIMAN/.m2/repository/com/fasterxml/jackson/core/jackson-databind/2.9.6/jackson-databind-2.9.6.jar:/Users/SULAIMAN/.m2/repository/com/fasterxml/jackson/core/jackson-annotations/2.9.0/jackson-annotations-2.9.0.jar:/Users/SULAIMAN/.m2/repository/com/fasterxml/jackson/core/jackson-core/2.9.6/jackson-core-2.9.6.jar:/Users/SULAIMAN/.m2/repository/org/springframework/spring-context/5.0.9.RELEASE/spring-context-5.0.9.RELEASE.jar:/Users/SULAIMAN/.m2/repository/com/fasterxml/jackson/datatype/jackson-datatype-jsr310/2.9.6/jackson-datatype-jsr310-2.9.6.jar:/Users/SULAIMAN/.m2/repository/io/micrometer/micrometer-core/1.0.6/micrometer-core-1.0.6.jar:/Users/SULAIMAN/.m2/repository/org/hdrhistogram/HdrHistogram/2.1.10/HdrHistogram-2.1.10.jar:/Users/SULAIMAN/.m2/repository/org/latencyutils/LatencyUtils/2.0.3/LatencyUtils-2.0.3.jar:/Users/SULAIMAN/.m2/repository/org/springframework/boot/spring-boot-starter-data-jpa/2.0.5.RELEASE/spring-boot-starter-data-jpa-2.0.5.RELEASE.jar:/Users/SULAIMAN/.m2/repository/org/springframework/boot/spring-boot-starter-aop/2.0.5.RELEASE/spring-boot-starter-aop-2.0.5.RELEASE.jar:/Users/SULAIMAN/.m2/repository/org/springframework/spring-aop/5.0.9.RELEASE/spring-aop-5.0.9.RELEASE.jar:/Users/SULAIMAN/.m2/repository/org/aspectj/aspectjweaver/1.8.13/aspectjweaver-1.8.13.jar:/Users/SULAIMAN/.m2/repository/javax/transaction/javax.transaction-api/1.2/javax.transaction-api-1.2.jar:/Users/SULAIMAN/.m2/repository/org/hibernate/hibernate-core/5.2.17.Final/hibernate-core-5.2.17.Final.jar:/Users/SULAIMAN/.m2/repository/org/jboss/logging/jboss-logging/3.3.2.Final/jboss-logging-3.3.2.Final.jar:/Users/SULAIMAN/.m2/repository/org/hibernate/javax/persistence/hibernate-jpa-2.1-api/1.0.2.Final/hibernate-jpa-2.1-api-1.0.2.Final.jar:/Users/SULAIMAN/.m2/repository/org/javassist/javassist/3.22.0-GA/javassist-3.22.0-GA.jar:/Users/SULAIMAN/.m2/repository/antlr/antlr/2.7.7/antlr-2.7.7.jar:/Users/SULAIMAN/.m2/repository/org/jboss/jandex/2.0.3.Final/jandex-2.0.3.Final.jar:/Users/SULAIMAN/.m2/repository/com/fasterxml/classmate/1.3.4/classmate-1.3.4.jar:/Users/SULAIMAN/.m2/repository/dom4j/dom4j/1.6.1/dom4j-1.6.1.jar:/Users/SULAIMAN/.m2/repository/org/hibernate/common/hibernate-commons-annotations/5.0.1.Final/hibernate-commons-annotations-5.0.1.Final.jar:/Users/SULAIMAN/.m2/repository/org/springframework/data/spring-data-jpa/2.0.10.RELEASE/spring-data-jpa-2.0.10.RELEASE.jar:/Users/SULAIMAN/.m2/repository/org/springframework/data/spring-data-commons/2.0.10.RELEASE/spring-data-commons-2.0.10.RELEASE.jar:/Users/SULAIMAN/.m2/repository/org/springframework/spring-orm/5.0.9.RELEASE/spring-orm-5.0.9.RELEASE.jar:/Users/SULAIMAN/.m2/repository/org/springframework/spring-tx/5.0.9.RELEASE/spring-tx-5.0.9.RELEASE.jar:/Users/SULAIMAN/.m2/repository/org/springframework/spring-beans/5.0.9.RELEASE/spring-beans-5.0.9.RELEASE.jar:/Users/SULAIMAN/.m2/repository/org/slf4j/slf4j-api/1.7.25/slf4j-api-1.7.25.jar:/Users/SULAIMAN/.m2/repository/org/springframework/spring-aspects/5.0.9.RELEASE/spring-aspects-5.0.9.RELEASE.jar:/Users/SULAIMAN/.m2/repository/org/springframework/boot/spring-boot-starter-jdbc/2.0.5.RELEASE/spring-boot-starter-jdbc-2.0.5.RELEASE.jar:/Users/SULAIMAN/.m2/repository/com/zaxxer/HikariCP/2.7.9/HikariCP-2.7.9.jar:/Users/SULAIMAN/.m2/repository/org/springframework/spring-jdbc/5.0.9.RELEASE/spring-jdbc-5.0.9.RELEASE.jar:/Users/SULAIMAN/.m2/repository/mysql/mysql-connector-java/5.1.47/mysql-connector-java-5.1.47.jar:/Users/SULAIMAN/.m2/repository/org/springframework/boot/spring-boot-starter-web/2.0.5.RELEASE/spring-boot-starter-web-2.0.5.RELEASE.jar:/Users/SULAIMAN/.m2/repository/org/springframework/boot/spring-boot-starter-json/2.0.5.RELEASE/spring-boot-starter-json-2.0.5.RELEASE.jar:/Users/SULAIMAN/.m2/repository/com/fasterxml/jackson/datatype/jackson-datatype-jdk8/2.9.6/jackson-datatype-jdk8-2.9.6.jar:/Users/SULAIMAN/.m2/repository/com/fasterxml/jackson/module/jackson-module-parameter-names/2.9.6/jackson-module-parameter-names-2.9.6.jar:/Users/SULAIMAN/.m2/repository/org/springframework/boot/spring-boot-starter-tomcat/2.0.5.RELEASE/spring-boot-starter-tomcat-2.0.5.RELEASE.jar:/Users/SULAIMAN/.m2/repository/org/apache/tomcat/embed/tomcat-embed-core/8.5.34/tomcat-embed-core-8.5.34.jar:/Users/SULAIMAN/.m2/repository/org/apache/tomcat/embed/tomcat-embed-el/8.5.34/tomcat-embed-el-8.5.34.jar:/Users/SULAIMAN/.m2/repository/org/apache/tomcat/embed/tomcat-embed-websocket/8.5.34/tomcat-embed-websocket-8.5.34.jar:/Users/SULAIMAN/.m2/repository/org/hibernate/validator/hibernate-validator/6.0.12.Final/hibernate-validator-6.0.12.Final.jar:/Users/SULAIMAN/.m2/repository/javax/validation/validation-api/2.0.1.Final/validation-api-2.0.1.Final.jar:/Users/SULAIMAN/.m2/repository/org/springframework/spring-web/5.0.9.RELEASE/spring-web-5.0.9.RELEASE.jar:/Users/SULAIMAN/.m2/repository/org/springframework/spring-webmvc/5.0.9.RELEASE/spring-webmvc-5.0.9.RELEASE.jar:/Users/SULAIMAN/.m2/repository/org/springframework/spring-expression/5.0.9.RELEASE/spring-expression-5.0.9.RELEASE.jar:/Users/SULAIMAN/.m2/repository/org/springframework/boot/spring-boot-devtools/2.0.5.RELEASE/spring-boot-devtools-2.0.5.RELEASE.jar:/Users/SULAIMAN/.m2/repository/org/springframework/boot/spring-boot/2.0.5.RELEASE/spring-boot-2.0.5.RELEASE.jar:/Users/SULAIMAN/.m2/repository/org/springframework/boot/spring-boot-autoconfigure/2.0.5.RELEASE/spring-boot-autoconfigure-2.0.5.RELEASE.jar:/Users/SULAIMAN/.m2/repository/org/springframework/boot/spring-boot-starter-test/2.0.5.RELEASE/spring-boot-starter-test-2.0.5.RELEASE.jar:/Users/SULAIMAN/.m2/repository/org/springframework/boot/spring-boot-test/2.0.5.RELEASE/spring-boot-test-2.0.5.RELEASE.jar:/Users/SULAIMAN/.m2/repository/org/springframework/boot/spring-boot-test-autoconfigure/2.0.5.RELEASE/spring-boot-test-autoconfigure-2.0.5.RELEASE.jar:/Users/SULAIMAN/.m2/repository/com/jayway/jsonpath/json-path/2.4.0/json-path-2.4.0.jar:/Users/SULAIMAN/.m2/repository/net/minidev/json-smart/2.3/json-smart-2.3.jar:/Users/SULAIMAN/.m2/repository/net/minidev/accessors-smart/1.2/accessors-smart-1.2.jar:/Users/SULAIMAN/.m2/repository/org/ow2/asm/asm/5.0.4/asm-5.0.4.jar:/Users/SULAIMAN/.m2/repository/junit/junit/4.12/junit-4.12.jar:/Users/SULAIMAN/.m2/repository/org/assertj/assertj-core/3.9.1/assertj-core-3.9.1.jar:/Users/SULAIMAN/.m2/repository/org/mockito/mockito-core/2.15.0/mockito-core-2.15.0.jar:/Users/SULAIMAN/.m2/repository/net/bytebuddy/byte-buddy/1.7.11/byte-buddy-1.7.11.jar:/Users/SULAIMAN/.m2/repository/net/bytebuddy/byte-buddy-agent/1.7.11/byte-buddy-agent-1.7.11.jar:/Users/SULAIMAN/.m2/repository/org/objenesis/objenesis/2.6/objenesis-2.6.jar:/Users/SULAIMAN/.m2/repository/org/hamcrest/hamcrest-core/1.3/hamcrest-core-1.3.jar:/Users/SULAIMAN/.m2/repository/org/hamcrest/hamcrest-library/1.3/hamcrest-library-1.3.jar:/Users/SULAIMAN/.m2/repository/org/skyscreamer/jsonassert/1.5.0/jsonassert-1.5.0.jar:/Users/SULAIMAN/.m2/repository/com/vaadin/external/google/android-json/0.0.20131108.vaadin1/android-json-0.0.20131108.vaadin1.jar:/Users/SULAIMAN/.m2/repository/org/springframework/spring-core/5.0.9.RELEASE/spring-core-5.0.9.RELEASE.jar:/Users/SULAIMAN/.m2/repository/org/springframework/spring-jcl/5.0.9.RELEASE/spring-jcl-5.0.9.RELEASE.jar:/Users/SULAIMAN/.m2/repository/org/springframework/spring-test/5.0.9.RELEASE/spring-test-5.0.9.RELEASE.jar:/Users/SULAIMAN/.m2/repository/org/xmlunit/xmlunit-core/2.5.1/xmlunit-core-2.5.1.jar:, java.specification.name=Java Platform API Specification, java.class.version=52.0, sun.management.compiler=HotSpot 64-Bit Tiered Compilers, os.version=10.13.6, http.nonProxyHosts=local|*.local|169.254/16|*.169.254/16, user.home=/Users/SULAIMAN, user.timezone=Africa/Kigali, java.awt.printerjob=sun.lwawt.macosx.CPrinterJob, file.encoding=UTF-8, java.specification.version=1.8, java.class.path=/Users/SULAIMAN/Documents/workspace/taxBooking/target/test-classes:/Users/SULAIMAN/Documents/workspace/taxBooking/target/classes:/Users/SULAIMAN/.m2/repository/org/springframework/boot/spring-boot-starter-actuator/2.0.5.RELEASE/spring-boot-starter-actuator-2.0.5.RELEASE.jar:/Users/SULAIMAN/.m2/repository/org/springframework/boot/spring-boot-starter/2.0.5.RELEASE/spring-boot-starter-2.0.5.RELEASE.jar:/Users/SULAIMAN/.m2/repository/org/springframework/boot/spring-boot-starter-logging/2.0.5.RELEASE/spring-boot-starter-logging-2.0.5.RELEASE.jar:/Users/SULAIMAN/.m2/repository/ch/qos/logback/logback-classic/1.2.3/logback-classic-1.2.3.jar:/Users/SULAIMAN/.m2/repository/ch/qos/logback/logback-core/1.2.3/logback-core-1.2.3.jar:/Users/SULAIMAN/.m2/repository/org/apache/logging/log4j/log4j-to-slf4j/2.10.0/log4j-to-slf4j-2.10.0.jar:/Users/SULAIMAN/.m2/repository/org/apache/logging/log4j/log4j-api/2.10.0/log4j-api-2.10.0.jar:/Users/SULAIMAN/.m2/repository/org/slf4j/jul-to-slf4j/1.7.25/jul-to-slf4j-1.7.25.jar:/Users/SULAIMAN/.m2/repository/javax/annotation/javax.annotation-api/1.3.2/javax.annotation-api-1.3.2.jar:/Users/SULAIMAN/.m2/repository/org/yaml/snakeyaml/1.19/snakeyaml-1.19.jar:/Users/SULAIMAN/.m2/repository/org/springframework/boot/spring-boot-actuator-autoconfigure/2.0.5.RELEASE/spring-boot-actuator-autoconfigure-2.0.5.RELEASE.jar:/Users/SULAIMAN/.m2/repository/org/springframework/boot/spring-boot-actuator/2.0.5.RELEASE/spring-boot-actuator-2.0.5.RELEASE.jar:/Users/SULAIMAN/.m2/repository/com/fasterxml/jackson/core/jackson-databind/2.9.6/jackson-databind-2.9.6.jar:/Users/SULAIMAN/.m2/repository/com/fasterxml/jackson/core/jackson-annotations/2.9.0/jackson-annotations-2.9.0.jar:/Users/SULAIMAN/.m2/repository/com/fasterxml/jackson/core/jackson-core/2.9.6/jackson-core-2.9.6.jar:/Users/SULAIMAN/.m2/repository/org/springframework/spring-context/5.0.9.RELEASE/spring-context-5.0.9.RELEASE.jar:/Users/SULAIMAN/.m2/repository/com/fasterxml/jackson/datatype/jackson-datatype-jsr310/2.9.6/jackson-datatype-jsr310-2.9.6.jar:/Users/SULAIMAN/.m2/repository/io/micrometer/micrometer-core/1.0.6/micrometer-core-1.0.6.jar:/Users/SULAIMAN/.m2/repository/org/hdrhistogram/HdrHistogram/2.1.10/HdrHistogram-2.1.10.jar:/Users/SULAIMAN/.m2/repository/org/latencyutils/LatencyUtils/2.0.3/LatencyUtils-2.0.3.jar:/Users/SULAIMAN/.m2/repository/org/springframework/boot/spring-boot-starter-data-jpa/2.0.5.RELEASE/spring-boot-starter-data-jpa-2.0.5.RELEASE.jar:/Users/SULAIMAN/.m2/repository/org/springframework/boot/spring-boot-starter-aop/2.0.5.RELEASE/spring-boot-starter-aop-2.0.5.RELEASE.jar:/Users/SULAIMAN/.m2/repository/org/springframework/spring-aop/5.0.9.RELEASE/spring-aop-5.0.9.RELEASE.jar:/Users/SULAIMAN/.m2/repository/org/aspectj/aspectjweaver/1.8.13/aspectjweaver-1.8.13.jar:/Users/SULAIMAN/.m2/repository/javax/transaction/javax.transaction-api/1.2/javax.transaction-api-1.2.jar:/Users/SULAIMAN/.m2/repository/org/hibernate/hibernate-core/5.2.17.Final/hibernate-core-5.2.17.Final.jar:/Users/SULAIMAN/.m2/repository/org/jboss/logging/jboss-logging/3.3.2.Final/jboss-logging-3.3.2.Final.jar:/Users/SULAIMAN/.m2/repository/org/hibernate/javax/persistence/hibernate-jpa-2.1-api/1.0.2.Final/hibernate-jpa-2.1-api-1.0.2.Final.jar:/Users/SULAIMAN/.m2/repository/org/javassist/javassist/3.22.0-GA/javassist-3.22.0-GA.jar:/Users/SULAIMAN/.m2/repository/antlr/antlr/2.7.7/antlr-2.7.7.jar:/Users/SULAIMAN/.m2/repository/org/jboss/jandex/2.0.3.Final/jandex-2.0.3.Final.jar:/Users/SULAIMAN/.m2/repository/com/fasterxml/classmate/1.3.4/classmate-1.3.4.jar:/Users/SULAIMAN/.m2/repository/dom4j/dom4j/1.6.1/dom4j-1.6.1.jar:/Users/SULAIMAN/.m2/repository/org/hibernate/common/hibernate-commons-annotations/5.0.1.Final/hibernate-commons-annotations-5.0.1.Final.jar:/Users/SULAIMAN/.m2/repository/org/springframework/data/spring-data-jpa/2.0.10.RELEASE/spring-data-jpa-2.0.10.RELEASE.jar:/Users/SULAIMAN/.m2/repository/org/springframework/data/spring-data-commons/2.0.10.RELEASE/spring-data-commons-2.0.10.RELEASE.jar:/Users/SULAIMAN/.m2/repository/org/springframework/spring-orm/5.0.9.RELEASE/spring-orm-5.0.9.RELEASE.jar:/Users/SULAIMAN/.m2/repository/org/springframework/spring-tx/5.0.9.RELEASE/spring-tx-5.0.9.RELEASE.jar:/Users/SULAIMAN/.m2/repository/org/springframework/spring-beans/5.0.9.RELEASE/spring-beans-5.0.9.RELEASE.jar:/Users/SULAIMAN/.m2/repository/org/slf4j/slf4j-api/1.7.25/slf4j-api-1.7.25.jar:/Users/SULAIMAN/.m2/repository/org/springframework/spring-aspects/5.0.9.RELEASE/spring-aspects-5.0.9.RELEASE.jar:/Users/SULAIMAN/.m2/repository/org/springframework/boot/spring-boot-starter-jdbc/2.0.5.RELEASE/spring-boot-starter-jdbc-2.0.5.RELEASE.jar:/Users/SULAIMAN/.m2/repository/com/zaxxer/HikariCP/2.7.9/HikariCP-2.7.9.jar:/Users/SULAIMAN/.m2/repository/org/springframework/spring-jdbc/5.0.9.RELEASE/spring-jdbc-5.0.9.RELEASE.jar:/Users/SULAIMAN/.m2/repository/mysql/mysql-connector-java/5.1.47/mysql-connector-java-5.1.47.jar:/Users/SULAIMAN/.m2/repository/org/springframework/boot/spring-boot-starter-web/2.0.5.RELEASE/spring-boot-starter-web-2.0.5.RELEASE.jar:/Users/SULAIMAN/.m2/repository/org/springframework/boot/spring-boot-starter-json/2.0.5.RELEASE/spring-boot-starter-json-2.0.5.RELEASE.jar:/Users/SULAIMAN/.m2/repository/com/fasterxml/jackson/datatype/jackson-datatype-jdk8/2.9.6/jackson-datatype-jdk8-2.9.6.jar:/Users/SULAIMAN/.m2/repository/com/fasterxml/jackson/module/jackson-module-parameter-names/2.9.6/jackson-module-parameter-names-2.9.6.jar:/Users/SULAIMAN/.m2/repository/org/springframework/boot/spring-boot-starter-tomcat/2.0.5.RELEASE/spring-boot-starter-tomcat-2.0.5.RELEASE.jar:/Users/SULAIMAN/.m2/repository/org/apache/tomcat/embed/tomcat-embed-core/8.5.34/tomcat-embed-core-8.5.34.jar:/Users/SULAIMAN/.m2/repository/org/apache/tomcat/embed/tomcat-embed-el/8.5.34/tomcat-embed-el-8.5.34.jar:/Users/SULAIMAN/.m2/repository/org/apache/tomcat/embed/tomcat-embed-websocket/8.5.34/tomcat-embed-websocket-8.5.34.jar:/Users/SULAIMAN/.m2/repository/org/hibernate/validator/hibernate-validator/6.0.12.Final/hibernate-validator-6.0.12.Final.jar:/Users/SULAIMAN/.m2/repository/javax/validation/validation-api/2.0.1.Final/validation-api-2.0.1.Final.jar:/Users/SULAIMAN/.m2/repository/org/springframework/spring-web/5.0.9.RELEASE/spring-web-5.0.9.RELEASE.jar:/Users/SULAIMAN/.m2/repository/org/springframework/spring-webmvc/5.0.9.RELEASE/spring-webmvc-5.0.9.RELEASE.jar:/Users/SULAIMAN/.m2/repository/org/springframework/spring-expression/5.0.9.RELEASE/spring-expression-5.0.9.RELEASE.jar:/Users/SULAIMAN/.m2/repository/org/springframework/boot/spring-boot-devtools/2.0.5.RELEASE/spring-boot-devtools-2.0.5.RELEASE.jar:/Users/SULAIMAN/.m2/repository/org/springframework/boot/spring-boot/2.0.5.RELEASE/spring-boot-2.0.5.RELEASE.jar:/Users/SULAIMAN/.m2/repository/org/springframework/boot/spring-boot-autoconfigure/2.0.5.RELEASE/spring-boot-autoconfigure-2.0.5.RELEASE.jar:/Users/SULAIMAN/.m2/repository/org/springframework/boot/spring-boot-starter-test/2.0.5.RELEASE/spring-boot-starter-test-2.0.5.RELEASE.jar:/Users/SULAIMAN/.m2/repository/org/springframework/boot/spring-boot-test/2.0.5.RELEASE/spring-boot-test-2.0.5.RELEASE.jar:/Users/SULAIMAN/.m2/repository/org/springframework/boot/spring-boot-test-autoconfigure/2.0.5.RELEASE/spring-boot-test-autoconfigure-2.0.5.RELEASE.jar:/Users/SULAIMAN/.m2/repository/com/jayway/jsonpath/json-path/2.4.0/json-path-2.4.0.jar:/Users/SULAIMAN/.m2/repository/net/minidev/json-smart/2.3/json-smart-2.3.jar:/Users/SULAIMAN/.m2/repository/net/minidev/accessors-smart/1.2/accessors-smart-1.2.jar:/Users/SULAIMAN/.m2/repository/org/ow2/asm/asm/5.0.4/asm-5.0.4.jar:/Users/SULAIMAN/.m2/repository/junit/junit/4.12/junit-4.12.jar:/Users/SULAIMAN/.m2/repository/org/assertj/assertj-core/3.9.1/assertj-core-3.9.1.jar:/Users/SULAIMAN/.m2/repository/org/mockito/mockito-core/2.15.0/mockito-core-2.15.0.jar:/Users/SULAIMAN/.m2/repository/net/bytebuddy/byte-buddy/1.7.11/byte-buddy-1.7.11.jar:/Users/SULAIMAN/.m2/repository/net/bytebuddy/byte-buddy-agent/1.7.11/byte-buddy-agent-1.7.11.jar:/Users/SULAIMAN/.m2/repository/org/objenesis/objenesis/2.6/objenesis-2.6.jar:/Users/SULAIMAN/.m2/repository/org/hamcrest/hamcrest-core/1.3/hamcrest-core-1.3.jar:/Users/SULAIMAN/.m2/repository/org/hamcrest/hamcrest-library/1.3/hamcrest-library-1.3.jar:/Users/SULAIMAN/.m2/repository/org/skyscreamer/jsonassert/1.5.0/jsonassert-1.5.0.jar:/Users/SULAIMAN/.m2/repository/com/vaadin/external/google/android-json/0.0.20131108.vaadin1/android-json-0.0.20131108.vaadin1.jar:/Users/SULAIMAN/.m2/repository/org/springframework/spring-core/5.0.9.RELEASE/spring-core-5.0.9.RELEASE.jar:/Users/SULAIMAN/.m2/repository/org/springframework/spring-jcl/5.0.9.RELEASE/spring-jcl-5.0.9.RELEASE.jar:/Users/SULAIMAN/.m2/repository/org/springframework/spring-test/5.0.9.RELEASE/spring-test-5.0.9.RELEASE.jar:/Users/SULAIMAN/.m2/repository/org/xmlunit/xmlunit-core/2.5.1/xmlunit-core-2.5.1.jar:, user.name=SULAIMAN, java.vm.specification.version=1.8, sun.java.command=/Users/SULAIMAN/Documents/workspace/taxBooking/target/surefire/surefirebooter3071747814272922058.jar /Users/SULAIMAN/Documents/workspace/taxBooking/target/surefire 2018-10-08T23-45-44_553-jvmRun1 surefire7629502846594670192tmp surefire_04728399769742339553tmp, java.home=/Library/Java/JavaVirtualMachines/jdk1.8.0_45.jdk/Contents/Home/jre, sun.arch.data.model=64, user.language=en, java.specification.vendor=Oracle Corporation, awt.toolkit=sun.lwawt.macosx.LWCToolkit, java.vm.info=mixed mode, java.version=1.8.0_45, java.ext.dirs=/Users/SULAIMAN/Library/Java/Extensions:/Library/Java/JavaVirtualMachines/jdk1.8.0_45.jdk/Contents/Home/jre/lib/ext:/Library/Java/Extensions:/Network/Library/Java/Extensions:/System/Library/Java/Extensions:/usr/lib/java, sun.boot.class.path=/Library/Java/JavaVirtualMachines/jdk1.8.0_45.jdk/Contents/Home/jre/lib/resources.jar:/Library/Java/JavaVirtualMachines/jdk1.8.0_45.jdk/Contents/Home/jre/lib/rt.jar:/Library/Java/JavaVirtualMachines/jdk1.8.0_45.jdk/Contents/Home/jre/lib/sunrsasign.jar:/Library/Java/JavaVirtualMachines/jdk1.8.0_45.jdk/Contents/Home/jre/lib/jsse.jar:/Library/Java/JavaVirtualMachines/jdk1.8.0_45.jdk/Contents/Home/jre/lib/jce.jar:/Library/Java/JavaVirtualMachines/jdk1.8.0_45.jdk/Contents/Home/jre/lib/charsets.jar:/Library/Java/JavaVirtualMachines/jdk1.8.0_45.jdk/Contents/Home/jre/lib/jfr.jar:/Library/Java/JavaVirtualMachines/jdk1.8.0_45.jdk/Contents/Home/jre/classes, java.vendor=Oracle Corporation, localRepository=/Users/SULAIMAN/.m2/repository, file.separator=/, java.vendor.url.bug=http://bugreport.sun.com/bugreport/, sun.io.unicode.encoding=UnicodeBig, sun.cpu.endian=little, socksNonProxyHosts=local|*.local|169.254/16|*.169.254/16, ftp.nonProxyHosts=local|*.local|169.254/16|*.169.254/16, sun.cpu.isalist=}}, SystemEnvironmentPropertySource@239372207 {name='systemEnvironment', properties={PATH=/usr/bin:/bin:/usr/sbin:/sbin, APP_ICON_13125=../Resources/Eclipse.icns, SHELL=/bin/bash, JAVA_MAIN_CLASS_67364=org.codehaus.plexus.classworlds.launcher.Launcher, OLDPWD=/Users/SULAIMAN/Documents/workspace/taxBooking, JAVA_MAIN_CLASS_67634=org.apache.maven.surefire.booter.ForkedBooter, JAVA_STARTED_ON_FIRST_THREAD_13125=1, USER=SULAIMAN, TMPDIR=/var/folders/nw/lkqk0fmj6qj9qptkgkm_qzx40000gn/T/, SSH_AUTH_SOCK=/private/tmp/com.apple.launchd.bQ9bcl1G6E/Listeners, XPC_FLAGS=0x0, __CF_USER_TEXT_ENCODING=0x1F5:0x0:0x0, Apple_PubSub_Socket_Render=/private/tmp/com.apple.launchd.SY1S7J6H1Y/Render, LOGNAME=SULAIMAN, XPC_SERVICE_NAME=0, PWD=/Users/SULAIMAN/Documents/workspace/taxBooking, HOME=/Users/SULAIMAN, SHLVL=1, _=/Library/Java/JavaVirtualMachines/jdk1.8.0_45.jdk/Contents/Home/jre/bin/java}}]
23:45:50.459 [main] DEBUG org.springframework.test.context.support.TestPropertySourceUtils - Adding inlined properties to environment: {spring.jmx.enabled=false, org.springframework.boot.test.context.SpringBootTestContextBootstrapper=true, server.port=-1}
23:45:50.545 [main] DEBUG org.springframework.core.env.StandardEnvironment - Adding PropertySource 'Inlined Test Properties' with highest search precedence

  .   ____          _            __ _ _
 /\\ / ___'_ __ _ _(_)_ __  __ _ \ \ \ \
( ( )\___ | '_ | '_| | '_ \/ _` | \ \ \ \
 \\/  ___)| |_)| | | | | || (_| |  ) ) ) )
  '  |____| .__|_| |_|_| |_\__, | / / / /
 =========|_|==============|___/=/_/_/_/
 :: Spring Boot ::        (v2.0.5.RELEASE)

2018-10-08 23:45:51.622  INFO 67634 --- [           main] c.T.t.TaxBookingApplicationTests         : Starting TaxBookingApplicationTests on SULAIMAN.local with PID 67634 (started by SULAIMAN in /Users/SULAIMAN/Documents/workspace/taxBooking)
2018-10-08 23:45:51.625  INFO 67634 --- [           main] c.T.t.TaxBookingApplicationTests         : No active profile set, falling back to default profiles: default
2018-10-08 23:45:51.916  INFO 67634 --- [           main] o.s.w.c.s.GenericWebApplicationContext   : Refreshing org.springframework.web.context.support.GenericWebApplicationContext@33bc72d1: startup date [Mon Oct 08 23:45:51 CAT 2018]; root of context hierarchy
2018-10-08 23:45:58.148  INFO 67634 --- [           main] trationDelegate$BeanPostProcessorChecker : Bean 'org.springframework.transaction.annotation.ProxyTransactionManagementConfiguration' of type [org.springframework.transaction.annotation.ProxyTransactionManagementConfiguration$$EnhancerBySpringCGLIB$$75a0cc42] is not eligible for getting processed by all BeanPostProcessors (for example: not eligible for auto-proxying)
2018-10-08 23:45:58.569  WARN 67634 --- [           main] o.s.w.c.s.GenericWebApplicationContext   : Exception encountered during context initialization - cancelling refresh attempt: org.springframework.beans.factory.UnsatisfiedDependencyException: Error creating bean with name 'sessionFactory' defined in com.TaxBooking.taxBooking.TaxBookingApplication: Unsatisfied dependency expressed through method 'sessionFactory' parameter 0; nested exception is org.springframework.beans.factory.BeanCurrentlyInCreationException: Error creating bean with name 'sessionFactory': Requested bean is currently in creation: Is there an unresolvable circular reference?
2018-10-08 23:45:58.607  INFO 67634 --- [           main] ConditionEvaluationReportLoggingListener : 

Error starting ApplicationContext. To display the conditions report re-run your application with 'debug' enabled.
2018-10-08 23:45:58.622 ERROR 67634 --- [           main] o.s.b.d.LoggingFailureAnalysisReporter   : 

***************************
APPLICATION FAILED TO START
***************************

Description:

The dependencies of some of the beans in the application context form a cycle:

┌─────┐
|  sessionFactory defined in com.TaxBooking.taxBooking.TaxBookingApplication
└─────┘


2018-10-08 23:45:58.826 ERROR 67634 --- [           main] o.s.test.context.TestContextManager      : Caught exception while allowing TestExecutionListener [org.springframework.test.context.web.ServletTestExecutionListener@6a78afa0] to prepare test instance [com.TaxBooking.taxBooking.TaxBookingApplicationTests@3f672204]

java.lang.IllegalStateException: Failed to load ApplicationContext
	at org.springframework.test.context.cache.DefaultCacheAwareContextLoaderDelegate.loadContext(DefaultCacheAwareContextLoaderDelegate.java:125) ~[spring-test-5.0.9.RELEASE.jar:5.0.9.RELEASE]
	at org.springframework.test.context.support.DefaultTestContext.getApplicationContext(DefaultTestContext.java:108) ~[spring-test-5.0.9.RELEASE.jar:5.0.9.RELEASE]
	at org.springframework.test.context.web.ServletTestExecutionListener.setUpRequestContextIfNecessary(ServletTestExecutionListener.java:190) ~[spring-test-5.0.9.RELEASE.jar:5.0.9.RELEASE]
	at org.springframework.test.context.web.ServletTestExecutionListener.prepareTestInstance(ServletTestExecutionListener.java:132) ~[spring-test-5.0.9.RELEASE.jar:5.0.9.RELEASE]
	at org.springframework.test.context.TestContextManager.prepareTestInstance(TestContextManager.java:246) ~[spring-test-5.0.9.RELEASE.jar:5.0.9.RELEASE]
	at org.springframework.test.context.junit4.SpringJUnit4ClassRunner.createTest(SpringJUnit4ClassRunner.java:227) [spring-test-5.0.9.RELEASE.jar:5.0.9.RELEASE]
	at org.springframework.test.context.junit4.SpringJUnit4ClassRunner$1.runReflectiveCall(SpringJUnit4ClassRunner.java:289) [spring-test-5.0.9.RELEASE.jar:5.0.9.RELEASE]
	at org.junit.internal.runners.model.ReflectiveCallable.run(ReflectiveCallable.java:12) [junit-4.12.jar:4.12]
	at org.springframework.test.context.junit4.SpringJUnit4ClassRunner.methodBlock(SpringJUnit4ClassRunner.java:291) [spring-test-5.0.9.RELEASE.jar:5.0.9.RELEASE]
	at org.springframework.test.context.junit4.SpringJUnit4ClassRunner.runChild(SpringJUnit4ClassRunner.java:246) [spring-test-5.0.9.RELEASE.jar:5.0.9.RELEASE]
	at org.springframework.test.context.junit4.SpringJUnit4ClassRunner.runChild(SpringJUnit4ClassRunner.java:97) [spring-test-5.0.9.RELEASE.jar:5.0.9.RELEASE]
	at org.junit.runners.ParentRunner$3.run(ParentRunner.java:290) [junit-4.12.jar:4.12]
	at org.junit.runners.ParentRunner$1.schedule(ParentRunner.java:71) [junit-4.12.jar:4.12]
	at org.junit.runners.ParentRunner.runChildren(ParentRunner.java:288) [junit-4.12.jar:4.12]
	at org.junit.runners.ParentRunner.access$000(ParentRunner.java:58) [junit-4.12.jar:4.12]
	at org.junit.runners.ParentRunner$2.evaluate(ParentRunner.java:268) [junit-4.12.jar:4.12]
	at org.springframework.test.context.junit4.statements.RunBeforeTestClassCallbacks.evaluate(RunBeforeTestClassCallbacks.java:61) [spring-test-5.0.9.RELEASE.jar:5.0.9.RELEASE]
	at org.springframework.test.context.junit4.statements.RunAfterTestClassCallbacks.evaluate(RunAfterTestClassCallbacks.java:70) [spring-test-5.0.9.RELEASE.jar:5.0.9.RELEASE]
	at org.junit.runners.ParentRunner.run(ParentRunner.java:363) [junit-4.12.jar:4.12]
	at org.springframework.test.context.junit4.SpringJUnit4ClassRunner.run(SpringJUnit4ClassRunner.java:190) [spring-test-5.0.9.RELEASE.jar:5.0.9.RELEASE]
	at org.apache.maven.surefire.junit4.JUnit4Provider.execute(JUnit4Provider.java:365) [surefire-junit4-2.21.0.jar:2.21.0]
	at org.apache.maven.surefire.junit4.JUnit4Provider.executeWithRerun(JUnit4Provider.java:273) [surefire-junit4-2.21.0.jar:2.21.0]
	at org.apache.maven.surefire.junit4.JUnit4Provider.executeTestSet(JUnit4Provider.java:238) [surefire-junit4-2.21.0.jar:2.21.0]
	at org.apache.maven.surefire.junit4.JUnit4Provider.invoke(JUnit4Provider.java:159) [surefire-junit4-2.21.0.jar:2.21.0]
	at org.apache.maven.surefire.booter.ForkedBooter.invokeProviderInSameClassLoader(ForkedBooter.java:379) [surefire-booter-2.21.0.jar:2.21.0]
	at org.apache.maven.surefire.booter.ForkedBooter.runSuitesInProcess(ForkedBooter.java:340) [surefire-booter-2.21.0.jar:2.21.0]
	at org.apache.maven.surefire.booter.ForkedBooter.execute(ForkedBooter.java:125) [surefire-booter-2.21.0.jar:2.21.0]
	at org.apache.maven.surefire.booter.ForkedBooter.main(ForkedBooter.java:413) [surefire-booter-2.21.0.jar:2.21.0]
Caused by: org.springframework.beans.factory.UnsatisfiedDependencyException: Error creating bean with name 'sessionFactory' defined in com.TaxBooking.taxBooking.TaxBookingApplication: Unsatisfied dependency expressed through method 'sessionFactory' parameter 0; nested exception is org.springframework.beans.factory.BeanCurrentlyInCreationException: Error creating bean with name 'sessionFactory': Requested bean is currently in creation: Is there an unresolvable circular reference?
	at org.springframework.beans.factory.support.ConstructorResolver.createArgumentArray(ConstructorResolver.java:732) ~[spring-beans-5.0.9.RELEASE.jar:5.0.9.RELEASE]
	at org.springframework.beans.factory.support.ConstructorResolver.instantiateUsingFactoryMethod(ConstructorResolver.java:474) ~[spring-beans-5.0.9.RELEASE.jar:5.0.9.RELEASE]
	at org.springframework.beans.factory.support.AbstractAutowireCapableBeanFactory.instantiateUsingFactoryMethod(AbstractAutowireCapableBeanFactory.java:1247) ~[spring-beans-5.0.9.RELEASE.jar:5.0.9.RELEASE]
	at org.springframework.beans.factory.support.AbstractAutowireCapableBeanFactory.createBeanInstance(AbstractAutowireCapableBeanFactory.java:1096) ~[spring-beans-5.0.9.RELEASE.jar:5.0.9.RELEASE]
	at org.springframework.beans.factory.support.AbstractAutowireCapableBeanFactory.doCreateBean(AbstractAutowireCapableBeanFactory.java:535) ~[spring-beans-5.0.9.RELEASE.jar:5.0.9.RELEASE]
	at org.springframework.beans.factory.support.AbstractAutowireCapableBeanFactory.createBean(AbstractAutowireCapableBeanFactory.java:495) ~[spring-beans-5.0.9.RELEASE.jar:5.0.9.RELEASE]
	at org.springframework.beans.factory.support.AbstractBeanFactory.lambda$doGetBean$0(AbstractBeanFactory.java:317) ~[spring-beans-5.0.9.RELEASE.jar:5.0.9.RELEASE]
	at org.springframework.beans.factory.support.AbstractBeanFactory$$Lambda$121/1570358965.getObject(Unknown Source) ~[na:na]
	at org.springframework.beans.factory.support.DefaultSingletonBeanRegistry.getSingleton(DefaultSingletonBeanRegistry.java:222) ~[spring-beans-5.0.9.RELEASE.jar:5.0.9.RELEASE]
	at org.springframework.beans.factory.support.AbstractBeanFactory.doGetBean(AbstractBeanFactory.java:315) ~[spring-beans-5.0.9.RELEASE.jar:5.0.9.RELEASE]
	at org.springframework.beans.factory.support.AbstractBeanFactory.getBean(AbstractBeanFactory.java:199) ~[spring-beans-5.0.9.RELEASE.jar:5.0.9.RELEASE]
	at org.springframework.beans.factory.support.DefaultListableBeanFactory.preInstantiateSingletons(DefaultListableBeanFactory.java:759) ~[spring-beans-5.0.9.RELEASE.jar:5.0.9.RELEASE]
	at org.springframework.context.support.AbstractApplicationContext.finishBeanFactoryInitialization(AbstractApplicationContext.java:869) ~[spring-context-5.0.9.RELEASE.jar:5.0.9.RELEASE]
	at org.springframework.context.support.AbstractApplicationContext.refresh(AbstractApplicationContext.java:550) ~[spring-context-5.0.9.RELEASE.jar:5.0.9.RELEASE]
	at org.springframework.boot.SpringApplication.refresh(SpringApplication.java:780) ~[spring-boot-2.0.5.RELEASE.jar:2.0.5.RELEASE]
	at org.springframework.boot.SpringApplication.refreshContext(SpringApplication.java:412) ~[spring-boot-2.0.5.RELEASE.jar:2.0.5.RELEASE]
	at org.springframework.boot.SpringApplication.run(SpringApplication.java:333) ~[spring-boot-2.0.5.RELEASE.jar:2.0.5.RELEASE]
	at org.springframework.boot.test.context.SpringBootContextLoader.loadContext(SpringBootContextLoader.java:139) ~[spring-boot-test-2.0.5.RELEASE.jar:2.0.5.RELEASE]
	at org.springframework.test.context.cache.DefaultCacheAwareContextLoaderDelegate.loadContextInternal(DefaultCacheAwareContextLoaderDelegate.java:99) ~[spring-test-5.0.9.RELEASE.jar:5.0.9.RELEASE]
	at org.springframework.test.context.cache.DefaultCacheAwareContextLoaderDelegate.loadContext(DefaultCacheAwareContextLoaderDelegate.java:117) ~[spring-test-5.0.9.RELEASE.jar:5.0.9.RELEASE]
	... 27 common frames omitted
Caused by: org.springframework.beans.factory.BeanCurrentlyInCreationException: Error creating bean with name 'sessionFactory': Requested bean is currently in creation: Is there an unresolvable circular reference?
	at org.springframework.beans.factory.support.DefaultSingletonBeanRegistry.beforeSingletonCreation(DefaultSingletonBeanRegistry.java:339) ~[spring-beans-5.0.9.RELEASE.jar:5.0.9.RELEASE]
	at org.springframework.beans.factory.support.DefaultSingletonBeanRegistry.getSingleton(DefaultSingletonBeanRegistry.java:215) ~[spring-beans-5.0.9.RELEASE.jar:5.0.9.RELEASE]
	at org.springframework.beans.factory.support.AbstractBeanFactory.doGetBean(AbstractBeanFactory.java:315) ~[spring-beans-5.0.9.RELEASE.jar:5.0.9.RELEASE]
	at org.springframework.beans.factory.support.AbstractBeanFactory.getBean(AbstractBeanFactory.java:199) ~[spring-beans-5.0.9.RELEASE.jar:5.0.9.RELEASE]
	at org.springframework.beans.factory.config.DependencyDescriptor.resolveCandidate(DependencyDescriptor.java:251) ~[spring-beans-5.0.9.RELEASE.jar:5.0.9.RELEASE]
	at org.springframework.beans.factory.support.DefaultListableBeanFactory.doResolveDependency(DefaultListableBeanFactory.java:1135) ~[spring-beans-5.0.9.RELEASE.jar:5.0.9.RELEASE]
	at org.springframework.beans.factory.support.DefaultListableBeanFactory.resolveDependency(DefaultListableBeanFactory.java:1062) ~[spring-beans-5.0.9.RELEASE.jar:5.0.9.RELEASE]
	at org.springframework.beans.factory.support.ConstructorResolver.resolveAutowiredArgument(ConstructorResolver.java:818) ~[spring-beans-5.0.9.RELEASE.jar:5.0.9.RELEASE]
	at org.springframework.beans.factory.support.ConstructorResolver.createArgumentArray(ConstructorResolver.java:724) ~[spring-beans-5.0.9.RELEASE.jar:5.0.9.RELEASE]
	... 46 common frames omitted

]]></system-out>
  </testcase>
</testsuite>